\BOOKMARK [0][-]{chapter.1}{\376\377\0001\000\040\000M\000a\000i\000n\000\040\000P\000a\000g\000e}{}% 1
\BOOKMARK [1][-]{section.1.1}{\376\377\0001\000.\0001\000\040\000I\000n\000t\000r\000o\000d\000u\000c\000t\000i\000o\000n}{chapter.1}% 2
\BOOKMARK [1][-]{section.1.2}{\376\377\0001\000.\0002\000\040\000T\000e\000m\000p\000l\000a\000t\000e\000\040\000P\000a\000r\000a\000m\000e\000t\000e\000r\000s}{chapter.1}% 3
\BOOKMARK [1][-]{section.1.3}{\376\377\0001\000.\0003\000\040\000C\000o\000m\000p\000i\000l\000a\000t\000i\000o\000n}{chapter.1}% 4
\BOOKMARK [2][-]{subsection.1.3.1}{\376\377\0001\000.\0003\000.\0001\000\040\000E\000x\000t\000e\000r\000n\000a\000l\000\040\000L\000i\000b\000r\000a\000r\000i\000e\000s}{section.1.3}% 5
\BOOKMARK [1][-]{section.1.4}{\376\377\0001\000.\0004\000\040\000S\000h\000o\000w\000c\000a\000s\000e}{chapter.1}% 6
\BOOKMARK [0][-]{chapter.2}{\376\377\0002\000\040\000N\000a\000m\000e\000s\000p\000a\000c\000e\000\040\000I\000n\000d\000e\000x}{}% 7
\BOOKMARK [1][-]{section.2.1}{\376\377\0002\000.\0001\000\040\000N\000a\000m\000e\000s\000p\000a\000c\000e\000\040\000L\000i\000s\000t}{chapter.2}% 8
\BOOKMARK [0][-]{chapter.3}{\376\377\0003\000\040\000H\000i\000e\000r\000a\000r\000c\000h\000i\000c\000a\000l\000\040\000I\000n\000d\000e\000x}{}% 9
\BOOKMARK [1][-]{section.3.1}{\376\377\0003\000.\0001\000\040\000C\000l\000a\000s\000s\000\040\000H\000i\000e\000r\000a\000r\000c\000h\000y}{chapter.3}% 10
\BOOKMARK [0][-]{chapter.4}{\376\377\0004\000\040\000C\000l\000a\000s\000s\000\040\000I\000n\000d\000e\000x}{}% 11
\BOOKMARK [1][-]{section.4.1}{\376\377\0004\000.\0001\000\040\000C\000l\000a\000s\000s\000\040\000L\000i\000s\000t}{chapter.4}% 12
\BOOKMARK [0][-]{chapter.5}{\376\377\0005\000\040\000F\000i\000l\000e\000\040\000I\000n\000d\000e\000x}{}% 13
\BOOKMARK [1][-]{section.5.1}{\376\377\0005\000.\0001\000\040\000F\000i\000l\000e\000\040\000L\000i\000s\000t}{chapter.5}% 14
\BOOKMARK [0][-]{chapter.6}{\376\377\0006\000\040\000N\000a\000m\000e\000s\000p\000a\000c\000e\000\040\000D\000o\000c\000u\000m\000e\000n\000t\000a\000t\000i\000o\000n}{}% 15
\BOOKMARK [1][-]{section.6.1}{\376\377\0006\000.\0001\000\040\000b\000o\000n\000d\000\040\000N\000a\000m\000e\000s\000p\000a\000c\000e\000\040\000R\000e\000f\000e\000r\000e\000n\000c\000e}{chapter.6}% 16
\BOOKMARK [2][-]{subsection.6.1.1}{\376\377\0006\000.\0001\000.\0001\000\040\000D\000e\000t\000a\000i\000l\000e\000d\000\040\000D\000e\000s\000c\000r\000i\000p\000t\000i\000o\000n}{section.6.1}% 17
\BOOKMARK [2][-]{subsection.6.1.2}{\376\377\0006\000.\0001\000.\0002\000\040\000E\000n\000u\000m\000e\000r\000a\000t\000i\000o\000n\000\040\000T\000y\000p\000e\000\040\000D\000o\000c\000u\000m\000e\000n\000t\000a\000t\000i\000o\000n}{section.6.1}% 18
\BOOKMARK [3][-]{subsubsection.6.1.2.1}{\376\377\0006\000.\0001\000.\0002\000.\0001\000\040\000B\000o\000n\000d\000\137\000p\000r\000i\000c\000i\000n\000g\000\137\000t\000y\000p\000e}{subsection.6.1.2}% 19
\BOOKMARK [2][-]{subsection.6.1.3}{\376\377\0006\000.\0001\000.\0003\000\040\000F\000u\000n\000c\000t\000i\000o\000n\000\040\000D\000o\000c\000u\000m\000e\000n\000t\000a\000t\000i\000o\000n}{section.6.1}% 20
\BOOKMARK [3][-]{subsubsection.6.1.3.1}{\376\377\0006\000.\0001\000.\0003\000.\0001\000\040\000r\000e\000a\000d\000\137\000b\000o\000n\000d\000s\000\137\000f\000r\000o\000m\000\137\000f\000i\000l\000e\000\050\000\051}{subsection.6.1.3}% 21
\BOOKMARK [1][-]{section.6.2}{\376\377\0006\000.\0002\000\040\000e\000a\000\040\000N\000a\000m\000e\000s\000p\000a\000c\000e\000\040\000R\000e\000f\000e\000r\000e\000n\000c\000e}{chapter.6}% 22
\BOOKMARK [2][-]{subsection.6.2.1}{\376\377\0006\000.\0002\000.\0001\000\040\000D\000e\000t\000a\000i\000l\000e\000d\000\040\000D\000e\000s\000c\000r\000i\000p\000t\000i\000o\000n}{section.6.2}% 23
\BOOKMARK [2][-]{subsection.6.2.2}{\376\377\0006\000.\0002\000.\0002\000\040\000E\000n\000u\000m\000e\000r\000a\000t\000i\000o\000n\000\040\000T\000y\000p\000e\000\040\000D\000o\000c\000u\000m\000e\000n\000t\000a\000t\000i\000o\000n}{section.6.2}% 24
\BOOKMARK [3][-]{subsubsection.6.2.2.1}{\376\377\0006\000.\0002\000.\0002\000.\0001\000\040\000S\000t\000r\000a\000t\000e\000g\000y}{subsection.6.2.2}% 25
\BOOKMARK [2][-]{subsection.6.2.3}{\376\377\0006\000.\0002\000.\0003\000\040\000F\000u\000n\000c\000t\000i\000o\000n\000\040\000D\000o\000c\000u\000m\000e\000n\000t\000a\000t\000i\000o\000n}{section.6.2}% 26
\BOOKMARK [3][-]{subsubsection.6.2.3.1}{\376\377\0006\000.\0002\000.\0003\000.\0001\000\040\000g\000e\000n\000e\000r\000a\000t\000o\000r\000\050\000\051}{subsection.6.2.3}% 27
\BOOKMARK [3][-]{subsubsection.6.2.3.2}{\376\377\0006\000.\0002\000.\0003\000.\0002\000\040\000s\000o\000l\000v\000e\000\050\000\051}{subsection.6.2.3}% 28
\BOOKMARK [2][-]{subsection.6.2.4}{\376\377\0006\000.\0002\000.\0004\000\040\000V\000a\000r\000i\000a\000b\000l\000e\000\040\000D\000o\000c\000u\000m\000e\000n\000t\000a\000t\000i\000o\000n}{section.6.2}% 29
\BOOKMARK [3][-]{subsubsection.6.2.4.1}{\376\377\0006\000.\0002\000.\0004\000.\0001\000\040\000i\000n\000v\000\137\000p\000i\000\137\000s\000q}{subsection.6.2.4}% 30
\BOOKMARK [3][-]{subsubsection.6.2.4.2}{\376\377\0006\000.\0002\000.\0004\000.\0002\000\040\000i\000n\000v\000\137\000p\000i\000\137\000s\000q\000\137\0002}{subsection.6.2.4}% 31
\BOOKMARK [3][-]{subsubsection.6.2.4.3}{\376\377\0006\000.\0002\000.\0004\000.\0003\000\040\000r\000d}{subsection.6.2.4}% 32
\BOOKMARK [1][-]{section.6.3}{\376\377\0006\000.\0003\000\040\000i\000r\000r\000\040\000N\000a\000m\000e\000s\000p\000a\000c\000e\000\040\000R\000e\000f\000e\000r\000e\000n\000c\000e}{chapter.6}% 33
\BOOKMARK [2][-]{subsection.6.3.1}{\376\377\0006\000.\0003\000.\0001\000\040\000D\000e\000t\000a\000i\000l\000e\000d\000\040\000D\000e\000s\000c\000r\000i\000p\000t\000i\000o\000n}{section.6.3}% 34
\BOOKMARK [2][-]{subsection.6.3.2}{\376\377\0006\000.\0003\000.\0002\000\040\000F\000u\000n\000c\000t\000i\000o\000n\000\040\000D\000o\000c\000u\000m\000e\000n\000t\000a\000t\000i\000o\000n}{section.6.3}% 35
\BOOKMARK [3][-]{subsubsection.6.3.2.1}{\376\377\0006\000.\0003\000.\0002\000.\0001\000\040\000c\000o\000m\000p\000u\000t\000e\000\137\000d\000i\000s\000c\000o\000u\000n\000t\000\137\000f\000a\000c\000t\000o\000r\000\050\000\051}{subsection.6.3.2}% 36
\BOOKMARK [3][-]{subsubsection.6.3.2.2}{\376\377\0006\000.\0003\000.\0002\000.\0002\000\040\000c\000o\000m\000p\000u\000t\000e\000\137\000p\000v\000\050\000\051}{subsection.6.3.2}% 37
\BOOKMARK [3][-]{subsubsection.6.3.2.3}{\376\377\0006\000.\0003\000.\0002\000.\0003\000\040\000c\000o\000n\000s\000t\000r\000a\000i\000n\000t\000s\000\137\000i\000r\000r\000\050\000\051}{subsection.6.3.2}% 38
\BOOKMARK [3][-]{subsubsection.6.3.2.4}{\376\377\0006\000.\0003\000.\0002\000.\0004\000\040\000f\000i\000t\000n\000e\000s\000s\000\137\000i\000r\000r\000\050\000\051}{subsection.6.3.2}% 39
\BOOKMARK [3][-]{subsubsection.6.3.2.5}{\376\377\0006\000.\0003\000.\0002\000.\0005\000\040\000p\000e\000n\000a\000l\000t\000y\000\137\000i\000r\000r\000\050\000\051}{subsection.6.3.2}% 40
\BOOKMARK [1][-]{section.6.4}{\376\377\0006\000.\0004\000\040\000n\000s\000s\000\040\000N\000a\000m\000e\000s\000p\000a\000c\000e\000\040\000R\000e\000f\000e\000r\000e\000n\000c\000e}{chapter.6}% 41
\BOOKMARK [2][-]{subsection.6.4.1}{\376\377\0006\000.\0004\000.\0001\000\040\000D\000e\000t\000a\000i\000l\000e\000d\000\040\000D\000e\000s\000c\000r\000i\000p\000t\000i\000o\000n}{section.6.4}% 42
\BOOKMARK [2][-]{subsection.6.4.2}{\376\377\0006\000.\0004\000.\0002\000\040\000F\000u\000n\000c\000t\000i\000o\000n\000\040\000D\000o\000c\000u\000m\000e\000n\000t\000a\000t\000i\000o\000n}{section.6.4}% 43
\BOOKMARK [3][-]{subsubsection.6.4.2.1}{\376\377\0006\000.\0004\000.\0002\000.\0001\000\040\000c\000o\000n\000s\000t\000r\000a\000i\000n\000t\000s\000\137\000s\000v\000e\000n\000s\000s\000o\000n\000\050\000\051}{subsection.6.4.2}% 44
\BOOKMARK [3][-]{subsubsection.6.4.2.2}{\376\377\0006\000.\0004\000.\0002\000.\0002\000\040\000p\000e\000n\000a\000l\000t\000y\000\137\000s\000v\000e\000n\000s\000s\000o\000n\000\050\000\051}{subsection.6.4.2}% 45
\BOOKMARK [3][-]{subsubsection.6.4.2.3}{\376\377\0006\000.\0004\000.\0002\000.\0003\000\040\000s\000v\000e\000n\000s\000s\000o\000n\000\050\000\051}{subsection.6.4.2}% 46
\BOOKMARK [1][-]{section.6.5}{\376\377\0006\000.\0005\000\040\000u\000t\000i\000l\000i\000t\000i\000e\000s\000\040\000N\000a\000m\000e\000s\000p\000a\000c\000e\000\040\000R\000e\000f\000e\000r\000e\000n\000c\000e}{chapter.6}% 47
\BOOKMARK [2][-]{subsection.6.5.1}{\376\377\0006\000.\0005\000.\0001\000\040\000D\000e\000t\000a\000i\000l\000e\000d\000\040\000D\000e\000s\000c\000r\000i\000p\000t\000i\000o\000n}{section.6.5}% 48
\BOOKMARK [2][-]{subsection.6.5.2}{\376\377\0006\000.\0005\000.\0002\000\040\000E\000n\000u\000m\000e\000r\000a\000t\000i\000o\000n\000\040\000T\000y\000p\000e\000\040\000D\000o\000c\000u\000m\000e\000n\000t\000a\000t\000i\000o\000n}{section.6.5}% 49
\BOOKMARK [3][-]{subsubsection.6.5.2.1}{\376\377\0006\000.\0005\000.\0002\000.\0001\000\040\000C\000o\000n\000s\000t\000r\000a\000i\000n\000t\000s\000\137\000t\000y\000p\000e}{subsection.6.5.2}% 50
\BOOKMARK [3][-]{subsubsection.6.5.2.2}{\376\377\0006\000.\0005\000.\0002\000.\0002\000\040\000D\000F\000\137\000t\000y\000p\000e}{subsection.6.5.2}% 51
\BOOKMARK [2][-]{subsection.6.5.3}{\376\377\0006\000.\0005\000.\0003\000\040\000F\000u\000n\000c\000t\000i\000o\000n\000\040\000D\000o\000c\000u\000m\000e\000n\000t\000a\000t\000i\000o\000n}{section.6.5}% 52
\BOOKMARK [3][-]{subsubsection.6.5.3.1}{\376\377\0006\000.\0005\000.\0003\000.\0001\000\040\000o\000p\000e\000r\000a\000t\000o\000r\000<\000<\000\050\000\051}{subsection.6.5.3}% 53
\BOOKMARK [1][-]{section.6.6}{\376\377\0006\000.\0006\000\040\000y\000f\000t\000\040\000N\000a\000m\000e\000s\000p\000a\000c\000e\000\040\000R\000e\000f\000e\000r\000e\000n\000c\000e}{chapter.6}% 54
\BOOKMARK [2][-]{subsection.6.6.1}{\376\377\0006\000.\0006\000.\0001\000\040\000D\000e\000t\000a\000i\000l\000e\000d\000\040\000D\000e\000s\000c\000r\000i\000p\000t\000i\000o\000n}{section.6.6}% 55
\BOOKMARK [2][-]{subsection.6.6.2}{\376\377\0006\000.\0006\000.\0002\000\040\000F\000u\000n\000c\000t\000i\000o\000n\000\040\000D\000o\000c\000u\000m\000e\000n\000t\000a\000t\000i\000o\000n}{section.6.6}% 56
\BOOKMARK [3][-]{subsubsection.6.6.2.1}{\376\377\0006\000.\0006\000.\0002\000.\0001\000\040\000r\000e\000a\000d\000\137\000i\000r\000\137\000f\000r\000o\000m\000\137\000f\000i\000l\000e\000\050\000\051}{subsection.6.6.2}% 57
\BOOKMARK [0][-]{chapter.7}{\376\377\0007\000\040\000C\000l\000a\000s\000s\000\040\000D\000o\000c\000u\000m\000e\000n\000t\000a\000t\000i\000o\000n}{}% 58
\BOOKMARK [1][-]{section.7.1}{\376\377\0007\000.\0001\000\040\000b\000o\000n\000d\000:\000:\000B\000o\000n\000d\000<\000\040\000T\000\040\000>\000\040\000C\000l\000a\000s\000s\000\040\000T\000e\000m\000p\000l\000a\000t\000e\000\040\000R\000e\000f\000e\000r\000e\000n\000c\000e}{chapter.7}% 59
\BOOKMARK [2][-]{subsection.7.1.1}{\376\377\0007\000.\0001\000.\0001\000\040\000D\000e\000t\000a\000i\000l\000e\000d\000\040\000D\000e\000s\000c\000r\000i\000p\000t\000i\000o\000n}{section.7.1}% 60
\BOOKMARK [2][-]{subsection.7.1.2}{\376\377\0007\000.\0001\000.\0002\000\040\000C\000o\000n\000s\000t\000r\000u\000c\000t\000o\000r\000\040\000\046\000\040\000D\000e\000s\000t\000r\000u\000c\000t\000o\000r\000\040\000D\000o\000c\000u\000m\000e\000n\000t\000a\000t\000i\000o\000n}{section.7.1}% 61
\BOOKMARK [3][-]{subsubsection.7.1.2.1}{\376\377\0007\000.\0001\000.\0002\000.\0001\000\040\000B\000o\000n\000d\000\050\000\051}{subsection.7.1.2}% 62
\BOOKMARK [2][-]{subsection.7.1.3}{\376\377\0007\000.\0001\000.\0003\000\040\000M\000e\000m\000b\000e\000r\000\040\000F\000u\000n\000c\000t\000i\000o\000n\000\040\000D\000o\000c\000u\000m\000e\000n\000t\000a\000t\000i\000o\000n}{section.7.1}% 63
\BOOKMARK [3][-]{subsubsection.7.1.3.1}{\376\377\0007\000.\0001\000.\0003\000.\0001\000\040\000c\000o\000m\000p\000u\000t\000e\000\137\000c\000a\000s\000h\000\137\000f\000l\000o\000w\000s\000\050\000\051}{subsection.7.1.3}% 64
\BOOKMARK [3][-]{subsubsection.7.1.3.2}{\376\377\0007\000.\0001\000.\0003\000.\0002\000\040\000c\000o\000m\000p\000u\000t\000e\000\137\000m\000a\000c\000a\000u\000l\000a\000y\000\137\000d\000u\000r\000a\000t\000i\000o\000n\000\050\000\051}{subsection.7.1.3}% 65
\BOOKMARK [3][-]{subsubsection.7.1.3.3}{\376\377\0007\000.\0001\000.\0003\000.\0003\000\040\000c\000o\000m\000p\000u\000t\000e\000\137\000y\000i\000e\000l\000d\000\050\000\051\000\040\000[\0001\000/\0002\000]}{subsection.7.1.3}% 66
\BOOKMARK [3][-]{subsubsection.7.1.3.4}{\376\377\0007\000.\0001\000.\0003\000.\0004\000\040\000c\000o\000m\000p\000u\000t\000e\000\137\000y\000i\000e\000l\000d\000\050\000\051\000\040\000[\0002\000/\0002\000]}{subsection.7.1.3}% 67
\BOOKMARK [2][-]{subsection.7.1.4}{\376\377\0007\000.\0001\000.\0004\000\040\000F\000r\000i\000e\000n\000d\000s\000\040\000A\000n\000d\000\040\000R\000e\000l\000a\000t\000e\000d\000\040\000F\000u\000n\000c\000t\000i\000o\000n\000\040\000D\000o\000c\000u\000m\000e\000n\000t\000a\000t\000i\000o\000n}{section.7.1}% 68
\BOOKMARK [3][-]{subsubsection.7.1.4.1}{\376\377\0007\000.\0001\000.\0004\000.\0001\000\040\000B\000o\000n\000d\000H\000e\000l\000p\000e\000r\000<\000\040\000T\000\040\000>}{subsection.7.1.4}% 69
\BOOKMARK [2][-]{subsection.7.1.5}{\376\377\0007\000.\0001\000.\0005\000\040\000M\000e\000m\000b\000e\000r\000\040\000D\000a\000t\000a\000\040\000D\000o\000c\000u\000m\000e\000n\000t\000a\000t\000i\000o\000n}{section.7.1}% 70
\BOOKMARK [3][-]{subsubsection.7.1.5.1}{\376\377\0007\000.\0001\000.\0005\000.\0001\000\040\000c\000a\000s\000h\000\137\000f\000l\000o\000w\000s}{subsection.7.1.5}% 71
\BOOKMARK [3][-]{subsubsection.7.1.5.2}{\376\377\0007\000.\0001\000.\0005\000.\0002\000\040\000c\000o\000u\000p\000o\000n\000\137\000p\000e\000r\000c\000e\000n\000t\000a\000g\000e}{subsection.7.1.5}% 72
\BOOKMARK [3][-]{subsubsection.7.1.5.3}{\376\377\0007\000.\0001\000.\0005\000.\0003\000\040\000c\000o\000u\000p\000o\000n\000\137\000v\000a\000l\000u\000e}{subsection.7.1.5}% 73
\BOOKMARK [3][-]{subsubsection.7.1.5.4}{\376\377\0007\000.\0001\000.\0005\000.\0004\000\040\000d\000u\000r\000a\000t\000i\000o\000n}{subsection.7.1.5}% 74
\BOOKMARK [3][-]{subsubsection.7.1.5.5}{\376\377\0007\000.\0001\000.\0005\000.\0005\000\040\000f\000r\000e\000q\000u\000e\000n\000c\000y}{subsection.7.1.5}% 75
\BOOKMARK [3][-]{subsubsection.7.1.5.6}{\376\377\0007\000.\0001\000.\0005\000.\0006\000\040\000m\000a\000t\000u\000r\000i\000t\000y\000\137\000d\000a\000t\000e}{subsection.7.1.5}% 76
\BOOKMARK [3][-]{subsubsection.7.1.5.7}{\376\377\0007\000.\0001\000.\0005\000.\0007\000\040\000n\000o\000m\000i\000n\000a\000l\000\137\000v\000a\000l\000u\000e}{subsection.7.1.5}% 77
\BOOKMARK [3][-]{subsubsection.7.1.5.8}{\376\377\0007\000.\0001\000.\0005\000.\0008\000\040\000p\000r\000i\000c\000e}{subsection.7.1.5}% 78
\BOOKMARK [3][-]{subsubsection.7.1.5.9}{\376\377\0007\000.\0001\000.\0005\000.\0009\000\040\000s\000e\000t\000t\000l\000e\000m\000e\000n\000t\000\137\000d\000a\000t\000e}{subsection.7.1.5}% 79
\BOOKMARK [3][-]{subsubsection.7.1.5.10}{\376\377\0007\000.\0001\000.\0005\000.\0001\0000\000\040\000t\000i\000m\000e\000\137\000p\000e\000r\000i\000o\000d\000s}{subsection.7.1.5}% 80
\BOOKMARK [3][-]{subsubsection.7.1.5.11}{\376\377\0007\000.\0001\000.\0005\000.\0001\0001\000\040\000y\000i\000e\000l\000d}{subsection.7.1.5}% 81
\BOOKMARK [1][-]{section.7.2}{\376\377\0007\000.\0002\000\040\000b\000o\000n\000d\000:\000:\000B\000o\000n\000d\000H\000e\000l\000p\000e\000r\000<\000\040\000T\000\040\000>\000\040\000C\000l\000a\000s\000s\000\040\000T\000e\000m\000p\000l\000a\000t\000e\000\040\000R\000e\000f\000e\000r\000e\000n\000c\000e}{chapter.7}% 82
\BOOKMARK [2][-]{subsection.7.2.1}{\376\377\0007\000.\0002\000.\0001\000\040\000D\000e\000t\000a\000i\000l\000e\000d\000\040\000D\000e\000s\000c\000r\000i\000p\000t\000i\000o\000n}{section.7.2}% 83
\BOOKMARK [2][-]{subsection.7.2.2}{\376\377\0007\000.\0002\000.\0002\000\040\000C\000o\000n\000s\000t\000r\000u\000c\000t\000o\000r\000\040\000\046\000\040\000D\000e\000s\000t\000r\000u\000c\000t\000o\000r\000\040\000D\000o\000c\000u\000m\000e\000n\000t\000a\000t\000i\000o\000n}{section.7.2}% 84
\BOOKMARK [3][-]{subsubsection.7.2.2.1}{\376\377\0007\000.\0002\000.\0002\000.\0001\000\040\000B\000o\000n\000d\000H\000e\000l\000p\000e\000r\000\050\000\051}{subsection.7.2.2}% 85
\BOOKMARK [2][-]{subsection.7.2.3}{\376\377\0007\000.\0002\000.\0003\000\040\000M\000e\000m\000b\000e\000r\000\040\000F\000u\000n\000c\000t\000i\000o\000n\000\040\000D\000o\000c\000u\000m\000e\000n\000t\000a\000t\000i\000o\000n}{section.7.2}% 86
\BOOKMARK [3][-]{subsubsection.7.2.3.1}{\376\377\0007\000.\0002\000.\0003\000.\0001\000\040\000b\000o\000n\000d\000\137\000p\000r\000i\000c\000i\000n\000g\000\050\000\051}{subsection.7.2.3}% 87
\BOOKMARK [3][-]{subsubsection.7.2.3.2}{\376\377\0007\000.\0002\000.\0003\000.\0002\000\040\000e\000s\000t\000i\000m\000a\000t\000e\000\137\000b\000o\000n\000d\000\137\000p\000r\000i\000c\000i\000n\000g\000\050\000\051}{subsection.7.2.3}% 88
\BOOKMARK [3][-]{subsubsection.7.2.3.3}{\376\377\0007\000.\0002\000.\0003\000.\0003\000\040\000f\000i\000t\000n\000e\000s\000s\000\137\000b\000o\000n\000d\000\137\000p\000r\000i\000c\000i\000n\000g\000\137\000p\000r\000i\000c\000e\000s\000\050\000\051}{subsection.7.2.3}% 89
\BOOKMARK [3][-]{subsubsection.7.2.3.4}{\376\377\0007\000.\0002\000.\0003\000.\0004\000\040\000f\000i\000t\000n\000e\000s\000s\000\137\000b\000o\000n\000d\000\137\000p\000r\000i\000c\000i\000n\000g\000\137\000y\000i\000e\000l\000d\000s\000\050\000\051}{subsection.7.2.3}% 90
\BOOKMARK [3][-]{subsubsection.7.2.3.5}{\376\377\0007\000.\0002\000.\0003\000.\0005\000\040\000p\000r\000i\000n\000t\000\137\000b\000o\000n\000d\000\137\000p\000r\000i\000c\000i\000n\000g\000\137\000r\000e\000s\000u\000l\000t\000s\000\050\000\051}{subsection.7.2.3}% 91
\BOOKMARK [3][-]{subsubsection.7.2.3.6}{\376\377\0007\000.\0002\000.\0003\000.\0006\000\040\000s\000e\000t\000\137\000i\000n\000i\000t\000\137\000n\000s\000s\000\137\000p\000a\000r\000a\000m\000s\000\050\000\051}{subsection.7.2.3}% 92
\BOOKMARK [2][-]{subsection.7.2.4}{\376\377\0007\000.\0002\000.\0004\000\040\000M\000e\000m\000b\000e\000r\000\040\000D\000a\000t\000a\000\040\000D\000o\000c\000u\000m\000e\000n\000t\000a\000t\000i\000o\000n}{section.7.2}% 93
\BOOKMARK [3][-]{subsubsection.7.2.4.1}{\376\377\0007\000.\0002\000.\0004\000.\0001\000\040\000b\000o\000n\000d\000s}{subsection.7.2.4}% 94
\BOOKMARK [3][-]{subsubsection.7.2.4.2}{\376\377\0007\000.\0002\000.\0004\000.\0002\000\040\000d\000f\000\137\000t\000y\000p\000e}{subsection.7.2.4}% 95
\BOOKMARK [1][-]{section.7.3}{\376\377\0007\000.\0003\000\040\000e\000a\000:\000:\000D\000E\000<\000\040\000T\000\040\000>\000\040\000S\000t\000r\000u\000c\000t\000\040\000T\000e\000m\000p\000l\000a\000t\000e\000\040\000R\000e\000f\000e\000r\000e\000n\000c\000e}{chapter.7}% 96
\BOOKMARK [2][-]{subsection.7.3.1}{\376\377\0007\000.\0003\000.\0001\000\040\000D\000e\000t\000a\000i\000l\000e\000d\000\040\000D\000e\000s\000c\000r\000i\000p\000t\000i\000o\000n}{section.7.3}% 97
\BOOKMARK [2][-]{subsection.7.3.2}{\376\377\0007\000.\0003\000.\0002\000\040\000C\000o\000n\000s\000t\000r\000u\000c\000t\000o\000r\000\040\000\046\000\040\000D\000e\000s\000t\000r\000u\000c\000t\000o\000r\000\040\000D\000o\000c\000u\000m\000e\000n\000t\000a\000t\000i\000o\000n}{section.7.3}% 98
\BOOKMARK [3][-]{subsubsection.7.3.2.1}{\376\377\0007\000.\0003\000.\0002\000.\0001\000\040\000D\000E\000\050\000\051}{subsection.7.3.2}% 99
\BOOKMARK [2][-]{subsection.7.3.3}{\376\377\0007\000.\0003\000.\0003\000\040\000M\000e\000m\000b\000e\000r\000\040\000D\000a\000t\000a\000\040\000D\000o\000c\000u\000m\000e\000n\000t\000a\000t\000i\000o\000n}{section.7.3}% 100
\BOOKMARK [3][-]{subsubsection.7.3.3.1}{\376\377\0007\000.\0003\000.\0003\000.\0001\000\040\000c\000r}{subsection.7.3.3}% 101
\BOOKMARK [3][-]{subsubsection.7.3.3.2}{\376\377\0007\000.\0003\000.\0003\000.\0002\000\040\000f\000\137\000p\000a\000r\000a\000m}{subsection.7.3.3}% 102
\BOOKMARK [3][-]{subsubsection.7.3.3.3}{\376\377\0007\000.\0003\000.\0003\000.\0003\000\040\000t\000y\000p\000e}{subsection.7.3.3}% 103
\BOOKMARK [1][-]{section.7.4}{\376\377\0007\000.\0004\000\040\000e\000a\000:\000:\000E\000A\000\137\000b\000a\000s\000e\000<\000\040\000T\000\040\000>\000\040\000S\000t\000r\000u\000c\000t\000\040\000T\000e\000m\000p\000l\000a\000t\000e\000\040\000R\000e\000f\000e\000r\000e\000n\000c\000e}{chapter.7}% 104
\BOOKMARK [2][-]{subsection.7.4.1}{\376\377\0007\000.\0004\000.\0001\000\040\000D\000e\000t\000a\000i\000l\000e\000d\000\040\000D\000e\000s\000c\000r\000i\000p\000t\000i\000o\000n}{section.7.4}% 105
\BOOKMARK [2][-]{subsection.7.4.2}{\376\377\0007\000.\0004\000.\0002\000\040\000M\000e\000m\000b\000e\000r\000\040\000T\000y\000p\000e\000d\000e\000f\000\040\000D\000o\000c\000u\000m\000e\000n\000t\000a\000t\000i\000o\000n}{section.7.4}% 106
\BOOKMARK [3][-]{subsubsection.7.4.2.1}{\376\377\0007\000.\0004\000.\0002\000.\0001\000\040\000f\000p\000\137\000t\000y\000p\000e}{subsection.7.4.2}% 107
\BOOKMARK [2][-]{subsection.7.4.3}{\376\377\0007\000.\0004\000.\0003\000\040\000C\000o\000n\000s\000t\000r\000u\000c\000t\000o\000r\000\040\000\046\000\040\000D\000e\000s\000t\000r\000u\000c\000t\000o\000r\000\040\000D\000o\000c\000u\000m\000e\000n\000t\000a\000t\000i\000o\000n}{section.7.4}% 108
\BOOKMARK [3][-]{subsubsection.7.4.3.1}{\376\377\0007\000.\0004\000.\0003\000.\0001\000\040\000E\000A\000\137\000b\000a\000s\000e\000\050\000\051}{subsection.7.4.3}% 109
\BOOKMARK [2][-]{subsection.7.4.4}{\376\377\0007\000.\0004\000.\0004\000\040\000M\000e\000m\000b\000e\000r\000\040\000D\000a\000t\000a\000\040\000D\000o\000c\000u\000m\000e\000n\000t\000a\000t\000i\000o\000n}{section.7.4}% 110
\BOOKMARK [3][-]{subsubsection.7.4.4.1}{\376\377\0007\000.\0004\000.\0004\000.\0001\000\040\000c\000o\000n\000s\000t\000r\000a\000i\000n\000t\000s\000\137\000t\000y\000p\000e}{subsection.7.4.4}% 111
\BOOKMARK [3][-]{subsubsection.7.4.4.2}{\376\377\0007\000.\0004\000.\0004\000.\0002\000\040\000d\000e\000c\000i\000s\000i\000o\000n\000\137\000v\000a\000r\000i\000a\000b\000l\000e\000s}{subsection.7.4.4}% 112
\BOOKMARK [3][-]{subsubsection.7.4.4.3}{\376\377\0007\000.\0004\000.\0004\000.\0003\000\040\000i\000t\000e\000r\000\137\000m\000a\000x}{subsection.7.4.4}% 113
\BOOKMARK [3][-]{subsubsection.7.4.4.4}{\376\377\0007\000.\0004\000.\0004\000.\0004\000\040\000n\000d\000v}{subsection.7.4.4}% 114
\BOOKMARK [3][-]{subsubsection.7.4.4.5}{\376\377\0007\000.\0004\000.\0004\000.\0005\000\040\000n\000p\000o\000p}{subsection.7.4.4}% 115
\BOOKMARK [3][-]{subsubsection.7.4.4.6}{\376\377\0007\000.\0004\000.\0004\000.\0006\000\040\000p\000r\000i\000n\000t\000\137\000t\000o\000\137\000f\000i\000l\000e}{subsection.7.4.4}% 116
\BOOKMARK [3][-]{subsubsection.7.4.4.7}{\376\377\0007\000.\0004\000.\0004\000.\0007\000\040\000p\000r\000i\000n\000t\000\137\000t\000o\000\137\000o\000u\000t\000p\000u\000t}{subsection.7.4.4}% 117
\BOOKMARK [3][-]{subsubsection.7.4.4.8}{\376\377\0007\000.\0004\000.\0004\000.\0008\000\040\000s\000t\000d\000e\000v}{subsection.7.4.4}% 118
\BOOKMARK [3][-]{subsubsection.7.4.4.9}{\376\377\0007\000.\0004\000.\0004\000.\0009\000\040\000t\000o\000l}{subsection.7.4.4}% 119
\BOOKMARK [3][-]{subsubsection.7.4.4.10}{\376\377\0007\000.\0004\000.\0004\000.\0001\0000\000\040\000u\000s\000e\000\137\000p\000e\000n\000a\000l\000t\000y\000\137\000m\000e\000t\000h\000o\000d}{subsection.7.4.4}% 120
\BOOKMARK [1][-]{section.7.5}{\376\377\0007\000.\0005\000\040\000e\000a\000:\000:\000G\000A\000<\000\040\000T\000\040\000>\000\040\000S\000t\000r\000u\000c\000t\000\040\000T\000e\000m\000p\000l\000a\000t\000e\000\040\000R\000e\000f\000e\000r\000e\000n\000c\000e}{chapter.7}% 121
\BOOKMARK [2][-]{subsection.7.5.1}{\376\377\0007\000.\0005\000.\0001\000\040\000D\000e\000t\000a\000i\000l\000e\000d\000\040\000D\000e\000s\000c\000r\000i\000p\000t\000i\000o\000n}{section.7.5}% 122
\BOOKMARK [2][-]{subsection.7.5.2}{\376\377\0007\000.\0005\000.\0002\000\040\000C\000o\000n\000s\000t\000r\000u\000c\000t\000o\000r\000\040\000\046\000\040\000D\000e\000s\000t\000r\000u\000c\000t\000o\000r\000\040\000D\000o\000c\000u\000m\000e\000n\000t\000a\000t\000i\000o\000n}{section.7.5}% 123
\BOOKMARK [3][-]{subsubsection.7.5.2.1}{\376\377\0007\000.\0005\000.\0002\000.\0001\000\040\000G\000A\000\050\000\051}{subsection.7.5.2}% 124
\BOOKMARK [2][-]{subsection.7.5.3}{\376\377\0007\000.\0005\000.\0003\000\040\000M\000e\000m\000b\000e\000r\000\040\000D\000a\000t\000a\000\040\000D\000o\000c\000u\000m\000e\000n\000t\000a\000t\000i\000o\000n}{section.7.5}% 125
\BOOKMARK [3][-]{subsubsection.7.5.3.1}{\376\377\0007\000.\0005\000.\0003\000.\0001\000\040\000a\000l\000p\000h\000a}{subsection.7.5.3}% 126
\BOOKMARK [3][-]{subsubsection.7.5.3.2}{\376\377\0007\000.\0005\000.\0003\000.\0002\000\040\000p\000i}{subsection.7.5.3}% 127
\BOOKMARK [3][-]{subsubsection.7.5.3.3}{\376\377\0007\000.\0005\000.\0003\000.\0003\000\040\000s\000t\000r\000a\000t\000e\000g\000y}{subsection.7.5.3}% 128
\BOOKMARK [3][-]{subsubsection.7.5.3.4}{\376\377\0007\000.\0005\000.\0003\000.\0004\000\040\000t\000y\000p\000e}{subsection.7.5.3}% 129
\BOOKMARK [3][-]{subsubsection.7.5.3.5}{\376\377\0007\000.\0005\000.\0003\000.\0005\000\040\000x\000\137\000r\000a\000t\000e}{subsection.7.5.3}% 130
\BOOKMARK [1][-]{section.7.6}{\376\377\0007\000.\0006\000\040\000y\000f\000t\000:\000:\000I\000n\000t\000e\000r\000e\000s\000t\000\137\000R\000a\000t\000e\000<\000\040\000T\000\040\000>\000\040\000S\000t\000r\000u\000c\000t\000\040\000T\000e\000m\000p\000l\000a\000t\000e\000\040\000R\000e\000f\000e\000r\000e\000n\000c\000e}{chapter.7}% 131
\BOOKMARK [2][-]{subsection.7.6.1}{\376\377\0007\000.\0006\000.\0001\000\040\000D\000e\000t\000a\000i\000l\000e\000d\000\040\000D\000e\000s\000c\000r\000i\000p\000t\000i\000o\000n}{section.7.6}% 132
\BOOKMARK [2][-]{subsection.7.6.2}{\376\377\0007\000.\0006\000.\0002\000\040\000C\000o\000n\000s\000t\000r\000u\000c\000t\000o\000r\000\040\000\046\000\040\000D\000e\000s\000t\000r\000u\000c\000t\000o\000r\000\040\000D\000o\000c\000u\000m\000e\000n\000t\000a\000t\000i\000o\000n}{section.7.6}% 133
\BOOKMARK [3][-]{subsubsection.7.6.2.1}{\376\377\0007\000.\0006\000.\0002\000.\0001\000\040\000I\000n\000t\000e\000r\000e\000s\000t\000\137\000R\000a\000t\000e\000\050\000\051}{subsection.7.6.2}% 134
\BOOKMARK [2][-]{subsection.7.6.3}{\376\377\0007\000.\0006\000.\0003\000\040\000M\000e\000m\000b\000e\000r\000\040\000D\000a\000t\000a\000\040\000D\000o\000c\000u\000m\000e\000n\000t\000a\000t\000i\000o\000n}{section.7.6}% 135
\BOOKMARK [3][-]{subsubsection.7.6.3.1}{\376\377\0007\000.\0006\000.\0003\000.\0001\000\040\000p\000e\000r\000i\000o\000d}{subsection.7.6.3}% 136
\BOOKMARK [3][-]{subsubsection.7.6.3.2}{\376\377\0007\000.\0006\000.\0003\000.\0002\000\040\000r\000a\000t\000e}{subsection.7.6.3}% 137
\BOOKMARK [1][-]{section.7.7}{\376\377\0007\000.\0007\000\040\000y\000f\000t\000:\000:\000I\000n\000t\000e\000r\000e\000s\000t\000\137\000R\000a\000t\000e\000\137\000H\000e\000l\000p\000e\000r\000<\000\040\000T\000\040\000>\000\040\000C\000l\000a\000s\000s\000\040\000T\000e\000m\000p\000l\000a\000t\000e\000\040\000R\000e\000f\000e\000r\000e\000n\000c\000e}{chapter.7}% 138
\BOOKMARK [2][-]{subsection.7.7.1}{\376\377\0007\000.\0007\000.\0001\000\040\000D\000e\000t\000a\000i\000l\000e\000d\000\040\000D\000e\000s\000c\000r\000i\000p\000t\000i\000o\000n}{section.7.7}% 139
\BOOKMARK [2][-]{subsection.7.7.2}{\376\377\0007\000.\0007\000.\0002\000\040\000C\000o\000n\000s\000t\000r\000u\000c\000t\000o\000r\000\040\000\046\000\040\000D\000e\000s\000t\000r\000u\000c\000t\000o\000r\000\040\000D\000o\000c\000u\000m\000e\000n\000t\000a\000t\000i\000o\000n}{section.7.7}% 140
\BOOKMARK [3][-]{subsubsection.7.7.2.1}{\376\377\0007\000.\0007\000.\0002\000.\0001\000\040\000I\000n\000t\000e\000r\000e\000s\000t\000\137\000R\000a\000t\000e\000\137\000H\000e\000l\000p\000e\000r\000\050\000\051}{subsection.7.7.2}% 141
\BOOKMARK [2][-]{subsection.7.7.3}{\376\377\0007\000.\0007\000.\0003\000\040\000M\000e\000m\000b\000e\000r\000\040\000F\000u\000n\000c\000t\000i\000o\000n\000\040\000D\000o\000c\000u\000m\000e\000n\000t\000a\000t\000i\000o\000n}{section.7.7}% 142
\BOOKMARK [3][-]{subsubsection.7.7.3.1}{\376\377\0007\000.\0007\000.\0003\000.\0001\000\040\000f\000i\000t\000n\000e\000s\000s\000\137\000y\000i\000e\000l\000d\000\137\000c\000u\000r\000v\000e\000\137\000f\000i\000t\000t\000i\000n\000g\000\050\000\051}{subsection.7.7.3}% 143
\BOOKMARK [3][-]{subsubsection.7.7.3.2}{\376\377\0007\000.\0007\000.\0003\000.\0002\000\040\000y\000i\000e\000l\000d\000c\000u\000r\000v\000e\000\137\000f\000i\000t\000t\000i\000n\000g\000\050\000\051}{subsection.7.7.3}% 144
\BOOKMARK [2][-]{subsection.7.7.4}{\376\377\0007\000.\0007\000.\0004\000\040\000M\000e\000m\000b\000e\000r\000\040\000D\000a\000t\000a\000\040\000D\000o\000c\000u\000m\000e\000n\000t\000a\000t\000i\000o\000n}{section.7.7}% 145
\BOOKMARK [3][-]{subsubsection.7.7.4.1}{\376\377\0007\000.\0007\000.\0004\000.\0001\000\040\000i\000r\000\137\000v\000e\000c}{subsection.7.7.4}% 146
\BOOKMARK [1][-]{section.7.8}{\376\377\0007\000.\0008\000\040\000e\000a\000:\000:\000P\000S\000O\000l\000<\000\040\000T\000\040\000>\000\040\000S\000t\000r\000u\000c\000t\000\040\000T\000e\000m\000p\000l\000a\000t\000e\000\040\000R\000e\000f\000e\000r\000e\000n\000c\000e}{chapter.7}% 147
\BOOKMARK [2][-]{subsection.7.8.1}{\376\377\0007\000.\0008\000.\0001\000\040\000D\000e\000t\000a\000i\000l\000e\000d\000\040\000D\000e\000s\000c\000r\000i\000p\000t\000i\000o\000n}{section.7.8}% 148
\BOOKMARK [2][-]{subsection.7.8.2}{\376\377\0007\000.\0008\000.\0002\000\040\000C\000o\000n\000s\000t\000r\000u\000c\000t\000o\000r\000\040\000\046\000\040\000D\000e\000s\000t\000r\000u\000c\000t\000o\000r\000\040\000D\000o\000c\000u\000m\000e\000n\000t\000a\000t\000i\000o\000n}{section.7.8}% 149
\BOOKMARK [3][-]{subsubsection.7.8.2.1}{\376\377\0007\000.\0008\000.\0002\000.\0001\000\040\000P\000S\000O\000l\000\050\000\051}{subsection.7.8.2}% 150
\BOOKMARK [2][-]{subsection.7.8.3}{\376\377\0007\000.\0008\000.\0003\000\040\000M\000e\000m\000b\000e\000r\000\040\000D\000a\000t\000a\000\040\000D\000o\000c\000u\000m\000e\000n\000t\000a\000t\000i\000o\000n}{section.7.8}% 151
\BOOKMARK [3][-]{subsubsection.7.8.3.1}{\376\377\0007\000.\0008\000.\0003\000.\0001\000\040\000c}{subsection.7.8.3}% 152
\BOOKMARK [3][-]{subsubsection.7.8.3.2}{\376\377\0007\000.\0008\000.\0003\000.\0002\000\040\000t\000y\000p\000e}{subsection.7.8.3}% 153
\BOOKMARK [3][-]{subsubsection.7.8.3.3}{\376\377\0007\000.\0008\000.\0003\000.\0003\000\040\000v\000m\000a\000x}{subsection.7.8.3}% 154
\BOOKMARK [3][-]{subsubsection.7.8.3.4}{\376\377\0007\000.\0008\000.\0003\000.\0004\000\040\000w}{subsection.7.8.3}% 155
\BOOKMARK [1][-]{section.7.9}{\376\377\0007\000.\0009\000\040\000e\000a\000:\000:\000P\000S\000O\000s\000<\000\040\000T\000\040\000>\000\040\000S\000t\000r\000u\000c\000t\000\040\000T\000e\000m\000p\000l\000a\000t\000e\000\040\000R\000e\000f\000e\000r\000e\000n\000c\000e}{chapter.7}% 156
\BOOKMARK [2][-]{subsection.7.9.1}{\376\377\0007\000.\0009\000.\0001\000\040\000D\000e\000t\000a\000i\000l\000e\000d\000\040\000D\000e\000s\000c\000r\000i\000p\000t\000i\000o\000n}{section.7.9}% 157
\BOOKMARK [2][-]{subsection.7.9.2}{\376\377\0007\000.\0009\000.\0002\000\040\000C\000o\000n\000s\000t\000r\000u\000c\000t\000o\000r\000\040\000\046\000\040\000D\000e\000s\000t\000r\000u\000c\000t\000o\000r\000\040\000D\000o\000c\000u\000m\000e\000n\000t\000a\000t\000i\000o\000n}{section.7.9}% 158
\BOOKMARK [3][-]{subsubsection.7.9.2.1}{\376\377\0007\000.\0009\000.\0002\000.\0001\000\040\000P\000S\000O\000s\000\050\000\051}{subsection.7.9.2}% 159
\BOOKMARK [2][-]{subsection.7.9.3}{\376\377\0007\000.\0009\000.\0003\000\040\000M\000e\000m\000b\000e\000r\000\040\000D\000a\000t\000a\000\040\000D\000o\000c\000u\000m\000e\000n\000t\000a\000t\000i\000o\000n}{section.7.9}% 160
\BOOKMARK [3][-]{subsubsection.7.9.3.1}{\376\377\0007\000.\0009\000.\0003\000.\0001\000\040\000a\000l\000p\000h\000a}{subsection.7.9.3}% 161
\BOOKMARK [3][-]{subsubsection.7.9.3.2}{\376\377\0007\000.\0009\000.\0003\000.\0002\000\040\000c\0001}{subsection.7.9.3}% 162
\BOOKMARK [3][-]{subsubsection.7.9.3.3}{\376\377\0007\000.\0009\000.\0003\000.\0003\000\040\000c\0002}{subsection.7.9.3}% 163
\BOOKMARK [3][-]{subsubsection.7.9.3.4}{\376\377\0007\000.\0009\000.\0003\000.\0004\000\040\000s\000n\000e\000i\000g\000h}{subsection.7.9.3}% 164
\BOOKMARK [3][-]{subsubsection.7.9.3.5}{\376\377\0007\000.\0009\000.\0003\000.\0005\000\040\000t\000y\000p\000e}{subsection.7.9.3}% 165
\BOOKMARK [3][-]{subsubsection.7.9.3.6}{\376\377\0007\000.\0009\000.\0003\000.\0006\000\040\000v\000m\000a\000x}{subsection.7.9.3}% 166
\BOOKMARK [3][-]{subsubsection.7.9.3.7}{\376\377\0007\000.\0009\000.\0003\000.\0007\000\040\000w}{subsection.7.9.3}% 167
\BOOKMARK [1][-]{section.7.10}{\376\377\0007\000.\0001\0000\000\040\000e\000a\000:\000:\000S\000o\000l\000v\000e\000r\000<\000\040\000S\000,\000\040\000T\000,\000\040\000F\000,\000\040\000C\000\040\000>\000\040\000C\000l\000a\000s\000s\000\040\000T\000e\000m\000p\000l\000a\000t\000e\000\040\000R\000e\000f\000e\000r\000e\000n\000c\000e}{chapter.7}% 168
\BOOKMARK [2][-]{subsection.7.10.1}{\376\377\0007\000.\0001\0000\000.\0001\000\040\000D\000e\000t\000a\000i\000l\000e\000d\000\040\000D\000e\000s\000c\000r\000i\000p\000t\000i\000o\000n}{section.7.10}% 169
\BOOKMARK [1][-]{section.7.11}{\376\377\0007\000.\0001\0001\000\040\000e\000a\000:\000:\000S\000o\000l\000v\000e\000r\000<\000\040\000D\000E\000,\000\040\000T\000,\000\040\000F\000,\000\040\000C\000\040\000>\000\040\000C\000l\000a\000s\000s\000\040\000T\000e\000m\000p\000l\000a\000t\000e\000\040\000R\000e\000f\000e\000r\000e\000n\000c\000e}{chapter.7}% 170
\BOOKMARK [2][-]{subsection.7.11.1}{\376\377\0007\000.\0001\0001\000.\0001\000\040\000D\000e\000t\000a\000i\000l\000e\000d\000\040\000D\000e\000s\000c\000r\000i\000p\000t\000i\000o\000n}{section.7.11}% 171
\BOOKMARK [2][-]{subsection.7.11.2}{\376\377\0007\000.\0001\0001\000.\0002\000\040\000C\000o\000n\000s\000t\000r\000u\000c\000t\000o\000r\000\040\000\046\000\040\000D\000e\000s\000t\000r\000u\000c\000t\000o\000r\000\040\000D\000o\000c\000u\000m\000e\000n\000t\000a\000t\000i\000o\000n}{section.7.11}% 172
\BOOKMARK [3][-]{subsubsection.7.11.2.1}{\376\377\0007\000.\0001\0001\000.\0002\000.\0001\000\040\000S\000o\000l\000v\000e\000r\000\050\000\051}{subsection.7.11.2}% 173
\BOOKMARK [2][-]{subsection.7.11.3}{\376\377\0007\000.\0001\0001\000.\0003\000\040\000M\000e\000m\000b\000e\000r\000\040\000F\000u\000n\000c\000t\000i\000o\000n\000\040\000D\000o\000c\000u\000m\000e\000n\000t\000a\000t\000i\000o\000n}{section.7.11}% 174
\BOOKMARK [3][-]{subsubsection.7.11.3.1}{\376\377\0007\000.\0001\0001\000.\0003\000.\0001\000\040\000c\000o\000n\000s\000t\000r\000u\000c\000t\000\137\000d\000o\000n\000o\000r\000\050\000\051}{subsection.7.11.3}% 175
\BOOKMARK [3][-]{subsubsection.7.11.3.2}{\376\377\0007\000.\0001\0001\000.\0003\000.\0002\000\040\000c\000o\000n\000s\000t\000r\000u\000c\000t\000\137\000t\000r\000i\000a\000l\000\050\000\051}{subsection.7.11.3}% 176
\BOOKMARK [3][-]{subsubsection.7.11.3.3}{\376\377\0007\000.\0001\0001\000.\0003\000.\0003\000\040\000d\000i\000s\000p\000l\000a\000y\000\137\000p\000a\000r\000a\000m\000e\000t\000e\000r\000s\000\050\000\051}{subsection.7.11.3}% 177
\BOOKMARK [3][-]{subsubsection.7.11.3.4}{\376\377\0007\000.\0001\0001\000.\0003\000.\0004\000\040\000r\000u\000n\000\137\000a\000l\000g\000o\000\050\000\051}{subsection.7.11.3}% 178
\BOOKMARK [3][-]{subsubsection.7.11.3.5}{\376\377\0007\000.\0001\0001\000.\0003\000.\0005\000\040\000s\000e\000t\000\137\000i\000n\000d\000i\000c\000e\000s\000\050\000\051}{subsection.7.11.3}% 179
\BOOKMARK [2][-]{subsection.7.11.4}{\376\377\0007\000.\0001\0001\000.\0004\000\040\000F\000r\000i\000e\000n\000d\000s\000\040\000A\000n\000d\000\040\000R\000e\000l\000a\000t\000e\000d\000\040\000F\000u\000n\000c\000t\000i\000o\000n\000\040\000D\000o\000c\000u\000m\000e\000n\000t\000a\000t\000i\000o\000n}{section.7.11}% 180
\BOOKMARK [3][-]{subsubsection.7.11.4.1}{\376\377\0007\000.\0001\0001\000.\0004\000.\0001\000\040\000S\000o\000l\000v\000e\000r\000\137\000b\000a\000s\000e\000<\000\040\000S\000o\000l\000v\000e\000r\000<\000\040\000D\000E\000,\000\040\000T\000,\000\040\000F\000,\000\040\000C\000\040\000>\000,\000\040\000D\000E\000,\000\040\000T\000,\000\040\000F\000,\000\040\000C\000\040\000>}{subsection.7.11.4}% 181
\BOOKMARK [2][-]{subsection.7.11.5}{\376\377\0007\000.\0001\0001\000.\0005\000\040\000M\000e\000m\000b\000e\000r\000\040\000D\000a\000t\000a\000\040\000D\000o\000c\000u\000m\000e\000n\000t\000a\000t\000i\000o\000n}{section.7.11}% 182
\BOOKMARK [3][-]{subsubsection.7.11.5.1}{\376\377\0007\000.\0001\0001\000.\0005\000.\0001\000\040\000d\000e}{subsection.7.11.5}% 183
\BOOKMARK [3][-]{subsubsection.7.11.5.2}{\376\377\0007\000.\0001\0001\000.\0005\000.\0002\000\040\000i\000n\000d\000\137\000d\000i\000s\000t\000r\000i\000b\000u\000t\000i\000o\000n}{subsection.7.11.5}% 184
\BOOKMARK [3][-]{subsubsection.7.11.5.3}{\376\377\0007\000.\0001\0001\000.\0005\000.\0003\000\040\000i\000n\000d\000i\000c\000e\000s}{subsection.7.11.5}% 185
\BOOKMARK [1][-]{section.7.12}{\376\377\0007\000.\0001\0002\000\040\000e\000a\000:\000:\000S\000o\000l\000v\000e\000r\000<\000\040\000G\000A\000,\000\040\000T\000,\000\040\000F\000,\000\040\000C\000\040\000>\000\040\000C\000l\000a\000s\000s\000\040\000T\000e\000m\000p\000l\000a\000t\000e\000\040\000R\000e\000f\000e\000r\000e\000n\000c\000e}{chapter.7}% 186
\BOOKMARK [2][-]{subsection.7.12.1}{\376\377\0007\000.\0001\0002\000.\0001\000\040\000D\000e\000t\000a\000i\000l\000e\000d\000\040\000D\000e\000s\000c\000r\000i\000p\000t\000i\000o\000n}{section.7.12}% 187
\BOOKMARK [2][-]{subsection.7.12.2}{\376\377\0007\000.\0001\0002\000.\0002\000\040\000C\000o\000n\000s\000t\000r\000u\000c\000t\000o\000r\000\040\000\046\000\040\000D\000e\000s\000t\000r\000u\000c\000t\000o\000r\000\040\000D\000o\000c\000u\000m\000e\000n\000t\000a\000t\000i\000o\000n}{section.7.12}% 188
\BOOKMARK [3][-]{subsubsection.7.12.2.1}{\376\377\0007\000.\0001\0002\000.\0002\000.\0001\000\040\000S\000o\000l\000v\000e\000r\000\050\000\051}{subsection.7.12.2}% 189
\BOOKMARK [2][-]{subsection.7.12.3}{\376\377\0007\000.\0001\0002\000.\0003\000\040\000M\000e\000m\000b\000e\000r\000\040\000F\000u\000n\000c\000t\000i\000o\000n\000\040\000D\000o\000c\000u\000m\000e\000n\000t\000a\000t\000i\000o\000n}{section.7.12}% 190
\BOOKMARK [3][-]{subsubsection.7.12.3.1}{\376\377\0007\000.\0001\0002\000.\0003\000.\0001\000\040\000c\000r\000o\000s\000s\000o\000v\000e\000r\000\050\000\051}{subsection.7.12.3}% 191
\BOOKMARK [3][-]{subsubsection.7.12.3.2}{\376\377\0007\000.\0001\0002\000.\0003\000.\0002\000\040\000d\000i\000s\000p\000l\000a\000y\000\137\000p\000a\000r\000a\000m\000e\000t\000e\000r\000s\000\050\000\051}{subsection.7.12.3}% 192
\BOOKMARK [3][-]{subsubsection.7.12.3.3}{\376\377\0007\000.\0001\0002\000.\0003\000.\0003\000\040\000m\000u\000t\000a\000t\000i\000o\000n\000\050\000\051}{subsection.7.12.3}% 193
\BOOKMARK [3][-]{subsubsection.7.12.3.4}{\376\377\0007\000.\0001\0002\000.\0003\000.\0004\000\040\000n\000k\000e\000e\000p\000\050\000\051}{subsection.7.12.3}% 194
\BOOKMARK [3][-]{subsubsection.7.12.3.5}{\376\377\0007\000.\0001\0002\000.\0003\000.\0005\000\040\000r\000u\000n\000\137\000a\000l\000g\000o\000\050\000\051}{subsection.7.12.3}% 195
\BOOKMARK [3][-]{subsubsection.7.12.3.6}{\376\377\0007\000.\0001\0002\000.\0003\000.\0006\000\040\000s\000e\000l\000e\000c\000t\000i\000o\000n\000\050\000\051}{subsection.7.12.3}% 196
\BOOKMARK [2][-]{subsection.7.12.4}{\376\377\0007\000.\0001\0002\000.\0004\000\040\000F\000r\000i\000e\000n\000d\000s\000\040\000A\000n\000d\000\040\000R\000e\000l\000a\000t\000e\000d\000\040\000F\000u\000n\000c\000t\000i\000o\000n\000\040\000D\000o\000c\000u\000m\000e\000n\000t\000a\000t\000i\000o\000n}{section.7.12}% 197
\BOOKMARK [3][-]{subsubsection.7.12.4.1}{\376\377\0007\000.\0001\0002\000.\0004\000.\0001\000\040\000S\000o\000l\000v\000e\000r\000\137\000b\000a\000s\000e\000<\000\040\000S\000o\000l\000v\000e\000r\000<\000\040\000G\000A\000,\000\040\000T\000,\000\040\000F\000,\000\040\000C\000\040\000>\000,\000\040\000G\000A\000,\000\040\000T\000,\000\040\000F\000,\000\040\000C\000\040\000>}{subsection.7.12.4}% 198
\BOOKMARK [2][-]{subsection.7.12.5}{\376\377\0007\000.\0001\0002\000.\0005\000\040\000M\000e\000m\000b\000e\000r\000\040\000D\000a\000t\000a\000\040\000D\000o\000c\000u\000m\000e\000n\000t\000a\000t\000i\000o\000n}{section.7.12}% 199
\BOOKMARK [3][-]{subsubsection.7.12.5.1}{\376\377\0007\000.\0001\0002\000.\0005\000.\0001\000\040\000b\000d\000i\000s\000t\000r\000i\000b\000u\000t\000i\000o\000n}{subsection.7.12.5}% 200
\BOOKMARK [3][-]{subsubsection.7.12.5.2}{\376\377\0007\000.\0001\0002\000.\0005\000.\0002\000\040\000g\000a}{subsection.7.12.5}% 201
\BOOKMARK [3][-]{subsubsection.7.12.5.3}{\376\377\0007\000.\0001\0002\000.\0005\000.\0003\000\040\000n\000p\000o\000p}{subsection.7.12.5}% 202
\BOOKMARK [3][-]{subsubsection.7.12.5.4}{\376\377\0007\000.\0001\0002\000.\0005\000.\0004\000\040\000s\000t\000d\000e\000v}{subsection.7.12.5}% 203
\BOOKMARK [1][-]{section.7.13}{\376\377\0007\000.\0001\0003\000\040\000e\000a\000:\000:\000S\000o\000l\000v\000e\000r\000<\000\040\000P\000S\000O\000l\000,\000\040\000T\000,\000\040\000F\000,\000\040\000C\000\040\000>\000\040\000C\000l\000a\000s\000s\000\040\000T\000e\000m\000p\000l\000a\000t\000e\000\040\000R\000e\000f\000e\000r\000e\000n\000c\000e}{chapter.7}% 204
\BOOKMARK [2][-]{subsection.7.13.1}{\376\377\0007\000.\0001\0003\000.\0001\000\040\000D\000e\000t\000a\000i\000l\000e\000d\000\040\000D\000e\000s\000c\000r\000i\000p\000t\000i\000o\000n}{section.7.13}% 205
\BOOKMARK [2][-]{subsection.7.13.2}{\376\377\0007\000.\0001\0003\000.\0002\000\040\000C\000o\000n\000s\000t\000r\000u\000c\000t\000o\000r\000\040\000\046\000\040\000D\000e\000s\000t\000r\000u\000c\000t\000o\000r\000\040\000D\000o\000c\000u\000m\000e\000n\000t\000a\000t\000i\000o\000n}{section.7.13}% 206
\BOOKMARK [3][-]{subsubsection.7.13.2.1}{\376\377\0007\000.\0001\0003\000.\0002\000.\0001\000\040\000S\000o\000l\000v\000e\000r\000\050\000\051}{subsection.7.13.2}% 207
\BOOKMARK [2][-]{subsection.7.13.3}{\376\377\0007\000.\0001\0003\000.\0003\000\040\000M\000e\000m\000b\000e\000r\000\040\000F\000u\000n\000c\000t\000i\000o\000n\000\040\000D\000o\000c\000u\000m\000e\000n\000t\000a\000t\000i\000o\000n}{section.7.13}% 208
\BOOKMARK [3][-]{subsubsection.7.13.3.1}{\376\377\0007\000.\0001\0003\000.\0003\000.\0001\000\040\000b\000e\000s\000t\000\137\000u\000p\000d\000a\000t\000e\000\050\000\051}{subsection.7.13.3}% 209
\BOOKMARK [3][-]{subsubsection.7.13.3.2}{\376\377\0007\000.\0001\0003\000.\0003\000.\0002\000\040\000c\000h\000e\000c\000k\000\137\000p\000s\000o\000\137\000c\000r\000i\000t\000e\000r\000i\000a\000\050\000\051}{subsection.7.13.3}% 210
\BOOKMARK [3][-]{subsubsection.7.13.3.3}{\376\377\0007\000.\0001\0003\000.\0003\000.\0003\000\040\000d\000i\000s\000p\000l\000a\000y\000\137\000p\000a\000r\000a\000m\000e\000t\000e\000r\000s\000\050\000\051}{subsection.7.13.3}% 211
\BOOKMARK [3][-]{subsubsection.7.13.3.4}{\376\377\0007\000.\0001\0003\000.\0003\000.\0004\000\040\000e\000u\000c\000l\000i\000d\000\137\000d\000i\000s\000t\000a\000n\000c\000e\000\050\000\051}{subsection.7.13.3}% 212
\BOOKMARK [3][-]{subsubsection.7.13.3.5}{\376\377\0007\000.\0001\0003\000.\0003\000.\0005\000\040\000f\000i\000n\000d\000\137\000m\000i\000n\000\137\000l\000o\000c\000a\000l\000\137\000b\000e\000s\000t\000\050\000\051}{subsection.7.13.3}% 213
\BOOKMARK [3][-]{subsubsection.7.13.3.6}{\376\377\0007\000.\0001\0003\000.\0003\000.\0006\000\040\000p\000o\000s\000i\000t\000i\000o\000n\000\137\000u\000p\000d\000a\000t\000e\000\050\000\051}{subsection.7.13.3}% 214
\BOOKMARK [3][-]{subsubsection.7.13.3.7}{\376\377\0007\000.\0001\0003\000.\0003\000.\0007\000\040\000r\000u\000n\000\137\000a\000l\000g\000o\000\050\000\051}{subsection.7.13.3}% 215
\BOOKMARK [3][-]{subsubsection.7.13.3.8}{\376\377\0007\000.\0001\0003\000.\0003\000.\0008\000\040\000s\000e\000t\000\137\000n\000e\000i\000g\000h\000b\000o\000u\000r\000h\000o\000o\000d\000s\000\050\000\051}{subsection.7.13.3}% 216
\BOOKMARK [2][-]{subsection.7.13.4}{\376\377\0007\000.\0001\0003\000.\0004\000\040\000F\000r\000i\000e\000n\000d\000s\000\040\000A\000n\000d\000\040\000R\000e\000l\000a\000t\000e\000d\000\040\000F\000u\000n\000c\000t\000i\000o\000n\000\040\000D\000o\000c\000u\000m\000e\000n\000t\000a\000t\000i\000o\000n}{section.7.13}% 217
\BOOKMARK [3][-]{subsubsection.7.13.4.1}{\376\377\0007\000.\0001\0003\000.\0004\000.\0001\000\040\000S\000o\000l\000v\000e\000r\000\137\000b\000a\000s\000e\000<\000\040\000S\000o\000l\000v\000e\000r\000<\000\040\000P\000S\000O\000l\000,\000\040\000T\000,\000\040\000F\000,\000\040\000C\000\040\000>\000,\000\040\000P\000S\000O\000l\000,\000\040\000T\000,\000\040\000F\000,\000\040\000C\000\040\000>}{subsection.7.13.4}% 218
\BOOKMARK [2][-]{subsection.7.13.5}{\376\377\0007\000.\0001\0003\000.\0005\000\040\000M\000e\000m\000b\000e\000r\000\040\000D\000a\000t\000a\000\040\000D\000o\000c\000u\000m\000e\000n\000t\000a\000t\000i\000o\000n}{section.7.13}% 219
\BOOKMARK [3][-]{subsubsection.7.13.5.1}{\376\377\0007\000.\0001\0003\000.\0005\000.\0001\000\040\000l\000o\000c\000a\000l\000\137\000b\000e\000s\000t}{subsection.7.13.5}% 220
\BOOKMARK [3][-]{subsubsection.7.13.5.2}{\376\377\0007\000.\0001\0003\000.\0005\000.\0002\000\040\000n\000e\000i\000g\000h\000b\000o\000u\000r\000s}{subsection.7.13.5}% 221
\BOOKMARK [3][-]{subsubsection.7.13.5.3}{\376\377\0007\000.\0001\0003\000.\0005\000.\0003\000\040\000n\000n\000e\000i\000g\000h}{subsection.7.13.5}% 222
\BOOKMARK [3][-]{subsubsection.7.13.5.4}{\376\377\0007\000.\0001\0003\000.\0005\000.\0004\000\040\000p\000e\000r\000s\000o\000n\000a\000l\000\137\000b\000e\000s\000t}{subsection.7.13.5}% 223
\BOOKMARK [3][-]{subsubsection.7.13.5.5}{\376\377\0007\000.\0001\0003\000.\0005\000.\0005\000\040\000p\000e\000r\000s\000o\000n\000a\000l\000\137\000b\000e\000s\000t\000\137\000c\000o\000s\000t}{subsection.7.13.5}% 224
\BOOKMARK [3][-]{subsubsection.7.13.5.6}{\376\377\0007\000.\0001\0003\000.\0005\000.\0006\000\040\000p\000s\000o}{subsection.7.13.5}% 225
\BOOKMARK [3][-]{subsubsection.7.13.5.7}{\376\377\0007\000.\0001\0003\000.\0005\000.\0007\000\040\000v\000e\000l\000o\000c\000i\000t\000y}{subsection.7.13.5}% 226
\BOOKMARK [3][-]{subsubsection.7.13.5.8}{\376\377\0007\000.\0001\0003\000.\0005\000.\0008\000\040\000v\000m\000a\000x}{subsection.7.13.5}% 227
\BOOKMARK [3][-]{subsubsection.7.13.5.9}{\376\377\0007\000.\0001\0003\000.\0005\000.\0009\000\040\000w}{subsection.7.13.5}% 228
\BOOKMARK [1][-]{section.7.14}{\376\377\0007\000.\0001\0004\000\040\000e\000a\000:\000:\000S\000o\000l\000v\000e\000r\000<\000\040\000P\000S\000O\000s\000,\000\040\000T\000,\000\040\000F\000,\000\040\000C\000\040\000>\000\040\000C\000l\000a\000s\000s\000\040\000T\000e\000m\000p\000l\000a\000t\000e\000\040\000R\000e\000f\000e\000r\000e\000n\000c\000e}{chapter.7}% 229
\BOOKMARK [2][-]{subsection.7.14.1}{\376\377\0007\000.\0001\0004\000.\0001\000\040\000D\000e\000t\000a\000i\000l\000e\000d\000\040\000D\000e\000s\000c\000r\000i\000p\000t\000i\000o\000n}{section.7.14}% 230
\BOOKMARK [2][-]{subsection.7.14.2}{\376\377\0007\000.\0001\0004\000.\0002\000\040\000C\000o\000n\000s\000t\000r\000u\000c\000t\000o\000r\000\040\000\046\000\040\000D\000e\000s\000t\000r\000u\000c\000t\000o\000r\000\040\000D\000o\000c\000u\000m\000e\000n\000t\000a\000t\000i\000o\000n}{section.7.14}% 231
\BOOKMARK [3][-]{subsubsection.7.14.2.1}{\376\377\0007\000.\0001\0004\000.\0002\000.\0001\000\040\000S\000o\000l\000v\000e\000r\000\050\000\051}{subsection.7.14.2}% 232
\BOOKMARK [2][-]{subsection.7.14.3}{\376\377\0007\000.\0001\0004\000.\0003\000\040\000M\000e\000m\000b\000e\000r\000\040\000F\000u\000n\000c\000t\000i\000o\000n\000\040\000D\000o\000c\000u\000m\000e\000n\000t\000a\000t\000i\000o\000n}{section.7.14}% 233
\BOOKMARK [3][-]{subsubsection.7.14.3.1}{\376\377\0007\000.\0001\0004\000.\0003\000.\0001\000\040\000b\000e\000s\000t\000\137\000u\000p\000d\000a\000t\000e\000\050\000\051}{subsection.7.14.3}% 234
\BOOKMARK [3][-]{subsubsection.7.14.3.2}{\376\377\0007\000.\0001\0004\000.\0003\000.\0002\000\040\000c\000h\000e\000c\000k\000\137\000p\000s\000o\000\137\000c\000r\000i\000t\000e\000r\000i\000a\000\050\000\051}{subsection.7.14.3}% 235
\BOOKMARK [3][-]{subsubsection.7.14.3.3}{\376\377\0007\000.\0001\0004\000.\0003\000.\0003\000\040\000d\000i\000s\000p\000l\000a\000y\000\137\000p\000a\000r\000a\000m\000e\000t\000e\000r\000s\000\050\000\051}{subsection.7.14.3}% 236
\BOOKMARK [3][-]{subsubsection.7.14.3.4}{\376\377\0007\000.\0001\0004\000.\0003\000.\0004\000\040\000e\000u\000c\000l\000i\000d\000\137\000d\000i\000s\000t\000a\000n\000c\000e\000\050\000\051}{subsection.7.14.3}% 237
\BOOKMARK [3][-]{subsubsection.7.14.3.5}{\376\377\0007\000.\0001\0004\000.\0003\000.\0005\000\040\000f\000i\000n\000d\000\137\000m\000i\000n\000\137\000l\000o\000c\000a\000l\000\137\000b\000e\000s\000t\000\050\000\051}{subsection.7.14.3}% 238
\BOOKMARK [3][-]{subsubsection.7.14.3.6}{\376\377\0007\000.\0001\0004\000.\0003\000.\0006\000\040\000g\000e\000n\000e\000r\000a\000t\000e\000\137\000r\000\050\000\051}{subsection.7.14.3}% 239
\BOOKMARK [3][-]{subsubsection.7.14.3.7}{\376\377\0007\000.\0001\0004\000.\0003\000.\0007\000\040\000p\000o\000s\000i\000t\000i\000o\000n\000\137\000u\000p\000d\000a\000t\000e\000\050\000\051}{subsection.7.14.3}% 240
\BOOKMARK [3][-]{subsubsection.7.14.3.8}{\376\377\0007\000.\0001\0004\000.\0003\000.\0008\000\040\000r\000u\000n\000\137\000a\000l\000g\000o\000\050\000\051}{subsection.7.14.3}% 241
\BOOKMARK [3][-]{subsubsection.7.14.3.9}{\376\377\0007\000.\0001\0004\000.\0003\000.\0009\000\040\000s\000e\000t\000\137\000n\000e\000i\000g\000h\000b\000o\000u\000r\000h\000o\000o\000d\000s\000\050\000\051}{subsection.7.14.3}% 242
\BOOKMARK [2][-]{subsection.7.14.4}{\376\377\0007\000.\0001\0004\000.\0004\000\040\000F\000r\000i\000e\000n\000d\000s\000\040\000A\000n\000d\000\040\000R\000e\000l\000a\000t\000e\000d\000\040\000F\000u\000n\000c\000t\000i\000o\000n\000\040\000D\000o\000c\000u\000m\000e\000n\000t\000a\000t\000i\000o\000n}{section.7.14}% 243
\BOOKMARK [3][-]{subsubsection.7.14.4.1}{\376\377\0007\000.\0001\0004\000.\0004\000.\0001\000\040\000S\000o\000l\000v\000e\000r\000\137\000b\000a\000s\000e\000<\000\040\000S\000o\000l\000v\000e\000r\000<\000\040\000P\000S\000O\000s\000,\000\040\000T\000,\000\040\000F\000,\000\040\000C\000\040\000>\000,\000\040\000P\000S\000O\000s\000,\000\040\000T\000,\000\040\000F\000,\000\040\000C\000\040\000>}{subsection.7.14.4}% 244
\BOOKMARK [2][-]{subsection.7.14.5}{\376\377\0007\000.\0001\0004\000.\0005\000\040\000M\000e\000m\000b\000e\000r\000\040\000D\000a\000t\000a\000\040\000D\000o\000c\000u\000m\000e\000n\000t\000a\000t\000i\000o\000n}{section.7.14}% 245
\BOOKMARK [3][-]{subsubsection.7.14.5.1}{\376\377\0007\000.\0001\0004\000.\0005\000.\0001\000\040\000l\000o\000c\000a\000l\000\137\000b\000e\000s\000t}{subsection.7.14.5}% 246
\BOOKMARK [3][-]{subsubsection.7.14.5.2}{\376\377\0007\000.\0001\0004\000.\0005\000.\0002\000\040\000n\000e\000i\000g\000h\000b\000o\000u\000r\000h\000o\000o\000d\000s}{subsection.7.14.5}% 247
\BOOKMARK [3][-]{subsubsection.7.14.5.3}{\376\377\0007\000.\0001\0004\000.\0005\000.\0003\000\040\000n\000n\000e\000i\000g\000h}{subsection.7.14.5}% 248
\BOOKMARK [3][-]{subsubsection.7.14.5.4}{\376\377\0007\000.\0001\0004\000.\0005\000.\0004\000\040\000p\000e\000r\000s\000o\000n\000a\000l\000\137\000b\000e\000s\000t}{subsection.7.14.5}% 249
\BOOKMARK [3][-]{subsubsection.7.14.5.5}{\376\377\0007\000.\0001\0004\000.\0005\000.\0005\000\040\000p\000s\000o}{subsection.7.14.5}% 250
\BOOKMARK [3][-]{subsubsection.7.14.5.6}{\376\377\0007\000.\0001\0004\000.\0005\000.\0006\000\040\000v\000e\000l\000o\000c\000i\000t\000y}{subsection.7.14.5}% 251
\BOOKMARK [3][-]{subsubsection.7.14.5.7}{\376\377\0007\000.\0001\0004\000.\0005\000.\0007\000\040\000v\000m\000a\000x}{subsection.7.14.5}% 252
\BOOKMARK [3][-]{subsubsection.7.14.5.8}{\376\377\0007\000.\0001\0004\000.\0005\000.\0008\000\040\000w}{subsection.7.14.5}% 253
\BOOKMARK [1][-]{section.7.15}{\376\377\0007\000.\0001\0005\000\040\000e\000a\000:\000:\000S\000o\000l\000v\000e\000r\000\137\000b\000a\000s\000e\000<\000\040\000D\000e\000r\000i\000v\000e\000d\000,\000\040\000S\000,\000\040\000T\000,\000\040\000F\000,\000\040\000C\000\040\000>\000\040\000C\000l\000a\000s\000s\000\040\000T\000e\000m\000p\000l\000a\000t\000e\000\040\000R\000e\000f\000e\000r\000e\000n\000c\000e}{chapter.7}% 254
\BOOKMARK [2][-]{subsection.7.15.1}{\376\377\0007\000.\0001\0005\000.\0001\000\040\000D\000e\000t\000a\000i\000l\000e\000d\000\040\000D\000e\000s\000c\000r\000i\000p\000t\000i\000o\000n}{section.7.15}% 255
\BOOKMARK [2][-]{subsection.7.15.2}{\376\377\0007\000.\0001\0005\000.\0002\000\040\000C\000o\000n\000s\000t\000r\000u\000c\000t\000o\000r\000\040\000\046\000\040\000D\000e\000s\000t\000r\000u\000c\000t\000o\000r\000\040\000D\000o\000c\000u\000m\000e\000n\000t\000a\000t\000i\000o\000n}{section.7.15}% 256
\BOOKMARK [3][-]{subsubsection.7.15.2.1}{\376\377\0007\000.\0001\0005\000.\0002\000.\0001\000\040\000S\000o\000l\000v\000e\000r\000\137\000b\000a\000s\000e\000\050\000\051}{subsection.7.15.2}% 257
\BOOKMARK [2][-]{subsection.7.15.3}{\376\377\0007\000.\0001\0005\000.\0003\000\040\000M\000e\000m\000b\000e\000r\000\040\000F\000u\000n\000c\000t\000i\000o\000n\000\040\000D\000o\000c\000u\000m\000e\000n\000t\000a\000t\000i\000o\000n}{section.7.15}% 258
\BOOKMARK [3][-]{subsubsection.7.15.3.1}{\376\377\0007\000.\0001\0005\000.\0003\000.\0001\000\040\000d\000i\000s\000p\000l\000a\000y\000\137\000r\000e\000s\000u\000l\000t\000s\000\050\000\051}{subsection.7.15.3}% 259
\BOOKMARK [3][-]{subsubsection.7.15.3.2}{\376\377\0007\000.\0001\0005\000.\0003\000.\0002\000\040\000f\000i\000n\000d\000\137\000m\000i\000n\000\137\000c\000o\000s\000t\000\050\000\051}{subsection.7.15.3}% 260
\BOOKMARK [3][-]{subsubsection.7.15.3.3}{\376\377\0007\000.\0001\0005\000.\0003\000.\0003\000\040\000i\000n\000i\000t\000\137\000i\000n\000d\000i\000v\000i\000d\000u\000a\000l\000s\000\050\000\051}{subsection.7.15.3}% 261
\BOOKMARK [3][-]{subsubsection.7.15.3.4}{\376\377\0007\000.\0001\0005\000.\0003\000.\0004\000\040\000r\000a\000n\000d\000o\000m\000i\000s\000e\000\137\000i\000n\000d\000i\000v\000i\000d\000u\000a\000l\000\050\000\051}{subsection.7.15.3}% 262
\BOOKMARK [3][-]{subsubsection.7.15.3.5}{\376\377\0007\000.\0001\0005\000.\0003\000.\0005\000\040\000s\000o\000l\000v\000e\000r\000\137\000b\000e\000n\000c\000h\000\050\000\051}{subsection.7.15.3}% 263
\BOOKMARK [3][-]{subsubsection.7.15.3.6}{\376\377\0007\000.\0001\0005\000.\0003\000.\0006\000\040\000w\000r\000i\000t\000e\000\137\000r\000e\000s\000u\000l\000t\000s\000\137\000t\000o\000\137\000f\000i\000l\000e\000\050\000\051}{subsection.7.15.3}% 264
\BOOKMARK [2][-]{subsection.7.15.4}{\376\377\0007\000.\0001\0005\000.\0004\000\040\000M\000e\000m\000b\000e\000r\000\040\000D\000a\000t\000a\000\040\000D\000o\000c\000u\000m\000e\000n\000t\000a\000t\000i\000o\000n}{section.7.15}% 265
\BOOKMARK [3][-]{subsubsection.7.15.4.1}{\376\377\0007\000.\0001\0005\000.\0004\000.\0001\000\040\000c}{subsection.7.15.4}% 266
\BOOKMARK [3][-]{subsubsection.7.15.4.2}{\376\377\0007\000.\0001\0005\000.\0004\000.\0002\000\040\000d\000i\000s\000t\000r\000i\000b\000u\000t\000i\000o\000n}{subsection.7.15.4}% 267
\BOOKMARK [3][-]{subsubsection.7.15.4.3}{\376\377\0007\000.\0001\0005\000.\0004\000.\0003\000\040\000f}{subsection.7.15.4}% 268
\BOOKMARK [3][-]{subsubsection.7.15.4.4}{\376\377\0007\000.\0001\0005\000.\0004\000.\0004\000\040\000i\000n\000d\000i\000v\000i\000d\000u\000a\000l\000s}{subsection.7.15.4}% 269
\BOOKMARK [3][-]{subsubsection.7.15.4.5}{\376\377\0007\000.\0001\0005\000.\0004\000.\0005\000\040\000l\000a\000s\000t\000\137\000i\000t\000e\000r}{subsection.7.15.4}% 270
\BOOKMARK [3][-]{subsubsection.7.15.4.6}{\376\377\0007\000.\0001\0005\000.\0004\000.\0006\000\040\000m\000i\000n\000\137\000c\000o\000s\000t}{subsection.7.15.4}% 271
\BOOKMARK [3][-]{subsubsection.7.15.4.7}{\376\377\0007\000.\0001\0005\000.\0004\000.\0007\000\040\000s\000o\000l\000v\000e\000d\000\137\000f\000l\000a\000g}{subsection.7.15.4}% 272
\BOOKMARK [3][-]{subsubsection.7.15.4.8}{\376\377\0007\000.\0001\0005\000.\0004\000.\0008\000\040\000s\000o\000l\000v\000e\000r\000\137\000s\000t\000r\000u\000c\000t}{subsection.7.15.4}% 273
\BOOKMARK [3][-]{subsubsection.7.15.4.9}{\376\377\0007\000.\0001\0005\000.\0004\000.\0009\000\040\000t\000i\000m\000e\000r}{subsection.7.15.4}% 274
\BOOKMARK [0][-]{chapter.8}{\376\377\0008\000\040\000F\000i\000l\000e\000\040\000D\000o\000c\000u\000m\000e\000n\000t\000a\000t\000i\000o\000n}{}% 275
\BOOKMARK [1][-]{section.8.1}{\376\377\0008\000.\0001\000\040\000b\000o\000n\000d\000.\000h\000\040\000F\000i\000l\000e\000\040\000R\000e\000f\000e\000r\000e\000n\000c\000e}{chapter.8}% 276
\BOOKMARK [2][-]{subsection.8.1.1}{\376\377\0008\000.\0001\000.\0001\000\040\000D\000e\000t\000a\000i\000l\000e\000d\000\040\000D\000e\000s\000c\000r\000i\000p\000t\000i\000o\000n}{section.8.1}% 277
\BOOKMARK [1][-]{section.8.2}{\376\377\0008\000.\0002\000\040\000b\000o\000n\000d\000h\000e\000l\000p\000e\000r\000.\000h\000\040\000F\000i\000l\000e\000\040\000R\000e\000f\000e\000r\000e\000n\000c\000e}{chapter.8}% 278
\BOOKMARK [2][-]{subsection.8.2.1}{\376\377\0008\000.\0002\000.\0001\000\040\000D\000e\000t\000a\000i\000l\000e\000d\000\040\000D\000e\000s\000c\000r\000i\000p\000t\000i\000o\000n}{section.8.2}% 279
\BOOKMARK [1][-]{section.8.3}{\376\377\0008\000.\0003\000\040\000d\000i\000f\000f\000e\000r\000e\000n\000t\000i\000a\000l\000e\000v\000o\000.\000h\000\040\000F\000i\000l\000e\000\040\000R\000e\000f\000e\000r\000e\000n\000c\000e}{chapter.8}% 280
\BOOKMARK [2][-]{subsection.8.3.1}{\376\377\0008\000.\0003\000.\0001\000\040\000D\000e\000t\000a\000i\000l\000e\000d\000\040\000D\000e\000s\000c\000r\000i\000p\000t\000i\000o\000n}{section.8.3}% 281
\BOOKMARK [1][-]{section.8.4}{\376\377\0008\000.\0004\000\040\000e\000a\000l\000g\000o\000r\000i\000t\000h\000m\000\137\000b\000a\000s\000e\000.\000h\000\040\000F\000i\000l\000e\000\040\000R\000e\000f\000e\000r\000e\000n\000c\000e}{chapter.8}% 282
\BOOKMARK [2][-]{subsection.8.4.1}{\376\377\0008\000.\0004\000.\0001\000\040\000D\000e\000t\000a\000i\000l\000e\000d\000\040\000D\000e\000s\000c\000r\000i\000p\000t\000i\000o\000n}{section.8.4}% 283
\BOOKMARK [1][-]{section.8.5}{\376\377\0008\000.\0005\000\040\000g\000e\000n\000e\000t\000i\000c\000a\000l\000g\000o\000.\000h\000\040\000F\000i\000l\000e\000\040\000R\000e\000f\000e\000r\000e\000n\000c\000e}{chapter.8}% 284
\BOOKMARK [2][-]{subsection.8.5.1}{\376\377\0008\000.\0005\000.\0001\000\040\000D\000e\000t\000a\000i\000l\000e\000d\000\040\000D\000e\000s\000c\000r\000i\000p\000t\000i\000o\000n}{section.8.5}% 285
\BOOKMARK [1][-]{section.8.6}{\376\377\0008\000.\0006\000\040\000i\000r\000r\000.\000h\000\040\000F\000i\000l\000e\000\040\000R\000e\000f\000e\000r\000e\000n\000c\000e}{chapter.8}% 286
\BOOKMARK [2][-]{subsection.8.6.1}{\376\377\0008\000.\0006\000.\0001\000\040\000D\000e\000t\000a\000i\000l\000e\000d\000\040\000D\000e\000s\000c\000r\000i\000p\000t\000i\000o\000n}{section.8.6}% 287
\BOOKMARK [1][-]{section.8.7}{\376\377\0008\000.\0007\000\040\000l\000b\000e\000s\000t\000p\000s\000o\000.\000h\000\040\000F\000i\000l\000e\000\040\000R\000e\000f\000e\000r\000e\000n\000c\000e}{chapter.8}% 288
\BOOKMARK [2][-]{subsection.8.7.1}{\376\377\0008\000.\0007\000.\0001\000\040\000D\000e\000t\000a\000i\000l\000e\000d\000\040\000D\000e\000s\000c\000r\000i\000p\000t\000i\000o\000n}{section.8.7}% 289
\BOOKMARK [1][-]{section.8.8}{\376\377\0008\000.\0008\000\040\000m\000a\000i\000n\000.\000c\000p\000p\000\040\000F\000i\000l\000e\000\040\000R\000e\000f\000e\000r\000e\000n\000c\000e}{chapter.8}% 290
\BOOKMARK [2][-]{subsection.8.8.1}{\376\377\0008\000.\0008\000.\0001\000\040\000D\000e\000t\000a\000i\000l\000e\000d\000\040\000D\000e\000s\000c\000r\000i\000p\000t\000i\000o\000n}{section.8.8}% 291
\BOOKMARK [2][-]{subsection.8.8.2}{\376\377\0008\000.\0008\000.\0002\000\040\000F\000u\000n\000c\000t\000i\000o\000n\000\040\000D\000o\000c\000u\000m\000e\000n\000t\000a\000t\000i\000o\000n}{section.8.8}% 292
\BOOKMARK [3][-]{subsubsection.8.8.2.1}{\376\377\0008\000.\0008\000.\0002\000.\0001\000\040\000m\000a\000i\000n\000\050\000\051}{subsection.8.8.2}% 293
\BOOKMARK [1][-]{section.8.9}{\376\377\0008\000.\0009\000\040\000p\000s\000o\000\137\000s\000u\000b\000\137\000s\000w\000a\000r\000m\000.\000h\000\040\000F\000i\000l\000e\000\040\000R\000e\000f\000e\000r\000e\000n\000c\000e}{chapter.8}% 294
\BOOKMARK [2][-]{subsection.8.9.1}{\376\377\0008\000.\0009\000.\0001\000\040\000D\000e\000t\000a\000i\000l\000e\000d\000\040\000D\000e\000s\000c\000r\000i\000p\000t\000i\000o\000n}{section.8.9}% 295
\BOOKMARK [1][-]{section.8.10}{\376\377\0008\000.\0001\0000\000\040\000s\000v\000e\000n\000s\000s\000o\000n\000.\000h\000\040\000F\000i\000l\000e\000\040\000R\000e\000f\000e\000r\000e\000n\000c\000e}{chapter.8}% 296
\BOOKMARK [2][-]{subsection.8.10.1}{\376\377\0008\000.\0001\0000\000.\0001\000\040\000D\000e\000t\000a\000i\000l\000e\000d\000\040\000D\000e\000s\000c\000r\000i\000p\000t\000i\000o\000n}{section.8.10}% 297
\BOOKMARK [1][-]{section.8.11}{\376\377\0008\000.\0001\0001\000\040\000u\000t\000i\000l\000i\000t\000i\000e\000s\000.\000h\000\040\000F\000i\000l\000e\000\040\000R\000e\000f\000e\000r\000e\000n\000c\000e}{chapter.8}% 298
\BOOKMARK [2][-]{subsection.8.11.1}{\376\377\0008\000.\0001\0001\000.\0001\000\040\000D\000e\000t\000a\000i\000l\000e\000d\000\040\000D\000e\000s\000c\000r\000i\000p\000t\000i\000o\000n}{section.8.11}% 299
\BOOKMARK [1][-]{section.8.12}{\376\377\0008\000.\0001\0002\000\040\000y\000i\000e\000l\000d\000\137\000c\000u\000r\000v\000e\000\137\000f\000i\000t\000t\000i\000n\000g\000.\000h\000\040\000F\000i\000l\000e\000\040\000R\000e\000f\000e\000r\000e\000n\000c\000e}{chapter.8}% 300
\BOOKMARK [2][-]{subsection.8.12.1}{\376\377\0008\000.\0001\0002\000.\0001\000\040\000D\000e\000t\000a\000i\000l\000e\000d\000\040\000D\000e\000s\000c\000r\000i\000p\000t\000i\000o\000n}{section.8.12}% 301
\BOOKMARK [0][-]{section*.173}{\376\377\000I\000n\000d\000e\000x}{}% 302
